STORMIMAGER/build/intermediates/manifest_merge_blame_file/debug/manifest-merger-blame-debug-report.txt
1<?xml version="1.0" encoding="utf-8"?>
2<manifest xmlns:android="http://schemas.android.com/apk/res/android"
3    package="de.nanoimaging.stormimager" >
4
5    <uses-sdk
6        android:minSdkVersion="22"
6-->src/main/AndroidManifest.xml
7        android:targetSdkVersion="26" />
7-->src/main/AndroidManifest.xml
8
9    <!-- A camera with RAW capability is required to use this application -->
10    <uses-feature android:name="android.hardware.camera" />
10-->src/main/AndroidManifest.xml:6:5-60
10-->src/main/AndroidManifest.xml:6:19-57
11    <uses-feature android:name="android.hardware.camera.raw" />
11-->src/main/AndroidManifest.xml:7:5-64
11-->src/main/AndroidManifest.xml:7:19-61
12
13    <!-- Min/target SDK versions (<uses-sdk>) managed by build.gradle -->
14    <uses-permission android:name="android.permission.CAMERA" />
14-->src/main/AndroidManifest.xml:11:5-64
14-->src/main/AndroidManifest.xml:11:22-62
15    <uses-permission android:name="android.permission.RECORD_AUDIO" />
15-->src/main/AndroidManifest.xml:12:5-70
15-->src/main/AndroidManifest.xml:12:22-68
16    <uses-permission android:name="android.permission.WRITE_EXTERNAL_STORAGE" />
16-->src/main/AndroidManifest.xml:13:5-80
16-->src/main/AndroidManifest.xml:13:22-78
17    <uses-permission android:name="android.permission.READ_EXTERNAL_STORAGE" />
17-->src/main/AndroidManifest.xml:14:5-80
17-->src/main/AndroidManifest.xml:14:22-77
18    <uses-permission android:name="android.permission.INTERNET" />
18-->src/main/AndroidManifest.xml:15:5-66
18-->src/main/AndroidManifest.xml:15:22-64
19    <uses-permission android:name="android.permission.ACCESS_WIFI_STATE" />
19-->src/main/AndroidManifest.xml:16:5-76
19-->src/main/AndroidManifest.xml:16:22-73
20    <uses-permission android:name="android.permission.ACCESS_NETWORK_STATE" />
20-->src/main/AndroidManifest.xml:17:5-78
20-->src/main/AndroidManifest.xml:17:22-76
21    <uses-permission android:name="android.permission.CHANGE_WIFI_STATE" />
21-->src/main/AndroidManifest.xml:18:5-75
21-->src/main/AndroidManifest.xml:18:22-73
22    <uses-permission android:name="android.permission.ACCESS_FINE_LOCATION" />
22-->src/main/AndroidManifest.xml:19:5-79
22-->src/main/AndroidManifest.xml:19:22-76
23    <uses-permission android:name="android.permission.ACCESS_COARSE_LOCATION" />
23-->src/main/AndroidManifest.xml:20:5-81
23-->src/main/AndroidManifest.xml:20:22-78
24    <!-- used on huawei p9/10 and for new devices? -->
25    <uses-permission android:name="android.permission.HW_CAMCFG_SERVICE" />
25-->src/main/AndroidManifest.xml:22:5-76
25-->src/main/AndroidManifest.xml:22:22-73
26    <uses-permission android:name="com.huawei.camera.permission.PRIVATE" />
26-->src/main/AndroidManifest.xml:23:5-76
26-->src/main/AndroidManifest.xml:23:22-73
27    <uses-permission android:name="huawei.android.permission.HW_SIGNATURE_OR_SYSTEM" />
27-->src/main/AndroidManifest.xml:24:5-88
27-->src/main/AndroidManifest.xml:24:22-85
28    <!-- used on huawei p9/10 and for new devices? -->
29    <uses-permission android:name="android.permission.WAKE_LOCK" />
29-->src/main/AndroidManifest.xml:26:5-67
29-->src/main/AndroidManifest.xml:26:22-65
30    <!-- uses-feature android:name="android.hardware.camera" android:required="true"/ -->
31    <!-- uses-feature android:name="android.hardware.camera.autofocus" android:required="false"/ -->
32    <!-- uses-feature android:name="android.hardware.sensor.compass" android:required="false"/ -->
33    <uses-permission android:name="android.permission.WAKE_LOCK" />
33-->src/main/AndroidManifest.xml:26:5-67
33-->src/main/AndroidManifest.xml:26:22-65
34    <uses-permission android:name="android.permission.ACCESS_NETWORK_STATE" />
34-->src/main/AndroidManifest.xml:17:5-78
34-->src/main/AndroidManifest.xml:17:22-76
35    <uses-permission android:name="android.permission.READ_PHONE_STATE" />
35-->src/main/AndroidManifest.xml:32:5-75
35-->src/main/AndroidManifest.xml:32:22-72
36
37    <uses-feature
37-->src/main/AndroidManifest.xml:34:5-78
38        android:glEsVersion="0x00020000"
38-->src/main/AndroidManifest.xml:34:19-51
39        android:required="true" />
39-->src/main/AndroidManifest.xml:34:52-75
40
41    <application
41-->src/main/AndroidManifest.xml:36:5-71:19
42        android:allowBackup="true"
42-->src/main/AndroidManifest.xml:37:9-35
43        android:debuggable="true"
44        android:icon="@drawable/microscope_icon"
44-->src/main/AndroidManifest.xml:38:9-49
45        android:label="@string/app_name"
45-->src/main/AndroidManifest.xml:39:9-41
46        android:supportsRtl="true"
46-->src/main/AndroidManifest.xml:41:9-35
47        android:testOnly="true"
48        android:theme="@android:style/Theme.Holo.Light" >
48-->src/main/AndroidManifest.xml:40:9-56
49        <service android:name="org.eclipse.paho.android.service.MqttService" />
49-->src/main/AndroidManifest.xml:42:9-80
49-->src/main/AndroidManifest.xml:42:18-77
50
51        <activity
51-->src/main/AndroidManifest.xml:43:9-51:20
52            android:name="de.nanoimaging.stormimager.activity.SplashActivity"
52-->src/main/AndroidManifest.xml:44:13-78
53            android:label="@string/app_name"
53-->src/main/AndroidManifest.xml:45:13-45
54            android:screenOrientation="portrait" >
54-->src/main/AndroidManifest.xml:46:13-49
55            <intent-filter>
55-->src/main/AndroidManifest.xml:47:13-50:29
56                <action android:name="android.intent.action.MAIN" />
56-->src/main/AndroidManifest.xml:48:17-69
56-->src/main/AndroidManifest.xml:48:25-66
57
58                <category android:name="android.intent.category.LAUNCHER" />
58-->src/main/AndroidManifest.xml:49:17-77
58-->src/main/AndroidManifest.xml:49:27-74
59            </intent-filter>
60        </activity>
61        <activity
61-->src/main/AndroidManifest.xml:52:9-55:20
62            android:name="de.nanoimaging.stormimager.activity.MainActivity"
62-->src/main/AndroidManifest.xml:53:13-76
63            android:screenOrientation="portrait" >
63-->src/main/AndroidManifest.xml:54:13-49
64        </activity>
65        <activity
65-->src/main/AndroidManifest.xml:56:9-59:20
66            android:name="de.nanoimaging.stormimager.activity.ZoomableImageActivity"
66-->src/main/AndroidManifest.xml:57:13-85
67            android:screenOrientation="portrait" >
67-->src/main/AndroidManifest.xml:58:13-49
68        </activity>
69        <activity
69-->src/main/AndroidManifest.xml:60:9-64:20
70            android:name="de.nanoimaging.stormimager.acquisition.AcquireResultActivity"
70-->src/main/AndroidManifest.xml:61:13-88
71            android:largeHeap="true"
71-->src/main/AndroidManifest.xml:62:13-37
72            android:screenOrientation="portrait" >
72-->src/main/AndroidManifest.xml:63:13-49
73        </activity>
74        <activity
74-->src/main/AndroidManifest.xml:65:9-69:20
75            android:name="de.nanoimaging.stormimager.acquisition.AcquireActivity"
75-->src/main/AndroidManifest.xml:66:13-82
76            android:largeHeap="true"
76-->src/main/AndroidManifest.xml:67:13-37
77            android:screenOrientation="portrait" >
77-->src/main/AndroidManifest.xml:68:13-49
78        </activity>
79        <!--
80 ATTENTION: This was auto-generated to add Google Play services to your project for
81     App Indexing.  See https://g.co/AppIndexing/AndroidStudio for more information.
82        -->
83        <meta-data
83-->[com.android.support:support-v13:26.1.0] AndroidManifest.xml:26:9-28:38
84            android:name="android.support.VERSION"
84-->[com.android.support:support-v13:26.1.0] AndroidManifest.xml:27:13-51
85            android:value="26.1.0" />
85-->[com.android.support:support-v13:26.1.0] AndroidManifest.xml:28:13-35
86        <meta-data
86-->[android.arch.lifecycle:runtime:1.0.0] AndroidManifest.xml:25:9-27:47
87            android:name="android.arch.lifecycle.VERSION"
87-->[android.arch.lifecycle:runtime:1.0.0] AndroidManifest.xml:26:13-58
88            android:value="27.0.0-SNAPSHOT" />
88-->[android.arch.lifecycle:runtime:1.0.0] AndroidManifest.xml:27:13-44
89    </application>
90
91</manifest>